 WARN [2019-08-21 16:11:39,621] ({main} ZeppelinConfiguration.java[create]:117) - Failed to load configuration, proceeding with a default
 INFO [2019-08-21 16:11:39,703] ({main} ZeppelinConfiguration.java[create]:129) - Server Host: 0.0.0.0
 INFO [2019-08-21 16:11:39,703] ({main} ZeppelinConfiguration.java[create]:131) - Server Port: 8080
 INFO [2019-08-21 16:11:39,703] ({main} ZeppelinConfiguration.java[create]:135) - Context Path: /
 INFO [2019-08-21 16:11:39,709] ({main} ZeppelinConfiguration.java[create]:136) - Zeppelin Version: 0.8.1
 INFO [2019-08-21 16:11:39,820] ({main} Log.java[initialized]:193) - Logging initialized @1428ms to org.eclipse.jetty.util.log.Slf4jLog
 WARN [2019-08-21 16:11:40,155] ({main} ServerConnector.java[setSoLingerTime]:458) - Ignoring deprecated socket close linger time
 INFO [2019-08-21 16:11:40,248] ({main} ZeppelinServer.java[setupWebAppContext]:413) - ZeppelinServer Webapp path: /zeppelin/webapps
 INFO [2019-08-21 16:11:40,507] ({main} ZeppelinServer.java[main]:239) - Starting zeppelin server
 INFO [2019-08-21 16:11:40,510] ({main} Server.java[doStart]:370) - jetty-9.4.14.v20181114; built: 2018-11-14T21:20:31.478Z; git: c4550056e785fb5665914545889f21dc136ad9e6; jvm 1.8.0_191-8u191-b12-0ubuntu0.16.04.1-b12
 INFO [2019-08-21 16:11:43,602] ({main} StandardDescriptorProcessor.java[visitServlet]:283) - NO JSP Support for /, did not find org.eclipse.jetty.jsp.JettyJspServlet
 INFO [2019-08-21 16:11:43,640] ({main} DefaultSessionIdManager.java[doStart]:365) - DefaultSessionIdManager workerName=node0
 INFO [2019-08-21 16:11:43,641] ({main} DefaultSessionIdManager.java[doStart]:370) - No SessionScavenger set, using defaults
 INFO [2019-08-21 16:11:43,647] ({main} HouseKeeper.java[startScavenging]:149) - node0 Scavenging every 660000ms
 INFO [2019-08-21 16:11:44,259] ({main} SchedulerFactory.java[<init>]:59) - Scheduler Thread Pool Size: 100
 WARN [2019-08-21 16:11:44,286] ({main} ZeppelinConfiguration.java[getConfigFSDir]:527) - zeppelin.config.fs.dir is not specified, fall back to local conf directory zeppelin.conf.dir
 WARN [2019-08-21 16:11:44,288] ({main} ZeppelinConfiguration.java[getConfigFSDir]:527) - zeppelin.config.fs.dir is not specified, fall back to local conf directory zeppelin.conf.dir
 INFO [2019-08-21 16:11:44,411] ({main} InterpreterSettingManager.java[<init>]:165) - Using RecoveryStorage: org.apache.zeppelin.interpreter.recovery.NullRecoveryStorage
 INFO [2019-08-21 16:11:44,412] ({main} InterpreterSettingManager.java[<init>]:169) - Using LifecycleManager: org.apache.zeppelin.interpreter.lifecycle.NullLifecycleManager
 INFO [2019-08-21 16:11:44,453] ({main} InterpreterSettingManager.java[registerInterpreterSetting]:425) - Register InterpreterSettingTemplate: python
 INFO [2019-08-21 16:11:44,459] ({main} InterpreterSettingManager.java[registerInterpreterSetting]:425) - Register InterpreterSettingTemplate: angular
 WARN [2019-08-21 16:11:44,472] ({main} InterpreterSettingManager.java[init]:331) - No interpreter-setting.json found in /zeppelin/interpreter/${interpreter.name}
 INFO [2019-08-21 16:11:44,482] ({main} InterpreterSettingManager.java[registerInterpreterSetting]:425) - Register InterpreterSettingTemplate: spark
 INFO [2019-08-21 16:11:44,485] ({main} InterpreterSettingManager.java[registerInterpreterSetting]:425) - Register InterpreterSettingTemplate: kylin
 INFO [2019-08-21 16:11:44,497] ({main} InterpreterSettingManager.java[registerInterpreterSetting]:425) - Register InterpreterSettingTemplate: groovy
 INFO [2019-08-21 16:11:44,507] ({main} InterpreterSettingManager.java[registerInterpreterSetting]:425) - Register InterpreterSettingTemplate: jdbc
 INFO [2019-08-21 16:11:44,511] ({main} InterpreterSettingManager.java[registerInterpreterSetting]:425) - Register InterpreterSettingTemplate: md
 WARN [2019-08-21 16:11:44,515] ({main} InterpreterSettingManager.java[init]:331) - No interpreter-setting.json found in /zeppelin/interpreter/lib
 INFO [2019-08-21 16:11:44,518] ({main} InterpreterSettingManager.java[registerInterpreterSetting]:425) - Register InterpreterSettingTemplate: pig
 INFO [2019-08-21 16:11:44,524] ({main} InterpreterSettingManager.java[registerInterpreterSetting]:425) - Register InterpreterSettingTemplate: file
 INFO [2019-08-21 16:11:44,528] ({main} InterpreterSettingManager.java[registerInterpreterSetting]:425) - Register InterpreterSettingTemplate: livy
 INFO [2019-08-21 16:11:44,530] ({main} InterpreterSettingManager.java[registerInterpreterSetting]:425) - Register InterpreterSettingTemplate: sap
 WARN [2019-08-21 16:11:44,840] ({main} InterpreterSettingManager.java[init]:331) - No interpreter-setting.json found in /zeppelin/interpreter/scio
 INFO [2019-08-21 16:11:44,844] ({main} InterpreterSettingManager.java[registerInterpreterSetting]:425) - Register InterpreterSettingTemplate: flink
 INFO [2019-08-21 16:11:44,846] ({main} InterpreterSettingManager.java[registerInterpreterSetting]:425) - Register InterpreterSettingTemplate: bigquery
 INFO [2019-08-21 16:11:44,848] ({main} InterpreterSettingManager.java[registerInterpreterSetting]:425) - Register InterpreterSettingTemplate: sh
 INFO [2019-08-21 16:11:44,850] ({main} InterpreterSettingManager.java[registerInterpreterSetting]:425) - Register InterpreterSettingTemplate: lens
 INFO [2019-08-21 16:11:44,852] ({main} InterpreterSettingManager.java[registerInterpreterSetting]:425) - Register InterpreterSettingTemplate: ignite
 INFO [2019-08-21 16:11:44,855] ({main} InterpreterSettingManager.java[registerInterpreterSetting]:425) - Register InterpreterSettingTemplate: cassandra
 INFO [2019-08-21 16:11:44,867] ({main} InterpreterSettingManager.java[registerInterpreterSetting]:425) - Register InterpreterSettingTemplate: neo4j
 INFO [2019-08-21 16:11:44,869] ({main} InterpreterSettingManager.java[registerInterpreterSetting]:425) - Register InterpreterSettingTemplate: elasticsearch
 INFO [2019-08-21 16:11:44,873] ({main} InterpreterSettingManager.java[registerInterpreterSetting]:425) - Register InterpreterSettingTemplate: alluxio
 INFO [2019-08-21 16:11:44,878] ({main} InterpreterSettingManager.java[registerInterpreterSetting]:425) - Register InterpreterSettingTemplate: hbase
 INFO [2019-08-21 16:11:44,880] ({main} LocalConfigStorage.java[loadInterpreterSettings]:63) - Load Interpreter Setting from file: /zeppelin/conf/interpreter.json
 INFO [2019-08-21 16:11:44,950] ({main} InterpreterSettingManager.java[loadFromFile]:279) - Create Interpreter Setting ignite from interpreter.json
 INFO [2019-08-21 16:11:44,952] ({main} InterpreterSettingManager.java[loadFromFile]:279) - Create Interpreter Setting python from interpreter.json
 INFO [2019-08-21 16:11:44,953] ({main} InterpreterSettingManager.java[loadFromFile]:279) - Create Interpreter Setting sap from interpreter.json
 INFO [2019-08-21 16:11:44,955] ({main} InterpreterSettingManager.java[loadFromFile]:279) - Create Interpreter Setting jdbc from interpreter.json
 INFO [2019-08-21 16:11:44,956] ({main} InterpreterSettingManager.java[loadFromFile]:279) - Create Interpreter Setting lens from interpreter.json
 INFO [2019-08-21 16:11:44,956] ({main} InterpreterSettingManager.java[loadFromFile]:279) - Create Interpreter Setting pig from interpreter.json
 INFO [2019-08-21 16:11:44,956] ({main} InterpreterSettingManager.java[loadFromFile]:279) - Create Interpreter Setting flink from interpreter.json
 INFO [2019-08-21 16:11:44,956] ({main} InterpreterSettingManager.java[loadFromFile]:279) - Create Interpreter Setting angular from interpreter.json
 INFO [2019-08-21 16:11:44,959] ({main} InterpreterSettingManager.java[loadFromFile]:279) - Create Interpreter Setting livy from interpreter.json
 INFO [2019-08-21 16:11:44,959] ({main} InterpreterSettingManager.java[loadFromFile]:279) - Create Interpreter Setting groovy from interpreter.json
 INFO [2019-08-21 16:11:44,960] ({main} InterpreterSettingManager.java[loadFromFile]:279) - Create Interpreter Setting file from interpreter.json
 INFO [2019-08-21 16:11:44,960] ({main} InterpreterSettingManager.java[loadFromFile]:279) - Create Interpreter Setting neo4j from interpreter.json
 INFO [2019-08-21 16:11:44,961] ({main} InterpreterSettingManager.java[loadFromFile]:279) - Create Interpreter Setting elasticsearch from interpreter.json
 INFO [2019-08-21 16:11:44,972] ({main} InterpreterSettingManager.java[loadFromFile]:279) - Create Interpreter Setting spark from interpreter.json
 INFO [2019-08-21 16:11:44,973] ({main} InterpreterSettingManager.java[loadFromFile]:279) - Create Interpreter Setting sh from interpreter.json
 INFO [2019-08-21 16:11:44,974] ({main} InterpreterSettingManager.java[loadFromFile]:279) - Create Interpreter Setting cassandra from interpreter.json
 INFO [2019-08-21 16:11:44,974] ({main} InterpreterSettingManager.java[loadFromFile]:279) - Create Interpreter Setting md from interpreter.json
 INFO [2019-08-21 16:11:44,974] ({main} InterpreterSettingManager.java[loadFromFile]:279) - Create Interpreter Setting alluxio from interpreter.json
 INFO [2019-08-21 16:11:44,975] ({main} InterpreterSettingManager.java[loadFromFile]:279) - Create Interpreter Setting bigquery from interpreter.json
 INFO [2019-08-21 16:11:44,975] ({main} InterpreterSettingManager.java[loadFromFile]:279) - Create Interpreter Setting hbase from interpreter.json
 INFO [2019-08-21 16:11:44,975] ({main} InterpreterSettingManager.java[loadFromFile]:279) - Create Interpreter Setting kylin from interpreter.json
 INFO [2019-08-21 16:11:45,023] ({main} LocalConfigStorage.java[save]:53) - Save Interpreter Setting to /zeppelin/conf/interpreter.json
 INFO [2019-08-21 16:11:45,337] ({main} VfsLog.java[info]:138) - Using "/tmp/vfs_cache" as temporary files store.
 INFO [2019-08-21 16:11:45,468] ({main} GitNotebookRepo.java[<init>]:64) - Opening a git repo at '/notebook'
 INFO [2019-08-21 16:11:45,658] ({main} NotebookRepoSync.java[<init>]:77) - Instantiate NotebookRepo: org.apache.zeppelin.notebook.repo.GitNotebookRepo
 WARN [2019-08-21 16:11:45,924] ({main} NotebookAuthorization.java[getInstance]:86) - Notebook authorization module was called without initialization, initializing with default configuration
 WARN [2019-08-21 16:11:45,924] ({main} LocalConfigStorage.java[loadNotebookAuthorization]:77) - NotebookAuthorization file /zeppelin/conf/notebook-authorization.json is not existed
 INFO [2019-08-21 16:11:45,934] ({main} Credentials.java[loadFromFile]:121) - /zeppelin/conf/credentials.json
 INFO [2019-08-21 16:11:46,054] ({main} StdSchedulerFactory.java[instantiate]:1184) - Using default implementation for ThreadExecutor
 INFO [2019-08-21 16:11:46,062] ({main} SimpleThreadPool.java[initialize]:268) - Job execution threads will use class loader of thread: main
 INFO [2019-08-21 16:11:46,105] ({main} SchedulerSignalerImpl.java[<init>]:61) - Initialized Scheduler Signaller of type: class org.quartz.core.SchedulerSignalerImpl
 INFO [2019-08-21 16:11:46,109] ({main} QuartzScheduler.java[<init>]:240) - Quartz Scheduler v.2.2.1 created.
 INFO [2019-08-21 16:11:46,110] ({main} RAMJobStore.java[initialize]:155) - RAMJobStore initialized.
 INFO [2019-08-21 16:11:46,111] ({main} QuartzScheduler.java[initialize]:305) - Scheduler meta-data: Quartz Scheduler (v2.2.1) 'DefaultQuartzScheduler' with instanceId 'NON_CLUSTERED'
  Scheduler class: 'org.quartz.core.QuartzScheduler' - running locally.
  NOT STARTED.
  Currently in standby mode.
  Number of jobs executed: 0
  Using thread pool 'org.quartz.simpl.SimpleThreadPool' - with 10 threads.
  Using job-store 'org.quartz.simpl.RAMJobStore' - which does not support persistence. and is not clustered.

 INFO [2019-08-21 16:11:46,112] ({main} StdSchedulerFactory.java[instantiate]:1339) - Quartz scheduler 'DefaultQuartzScheduler' initialized from default resource file in Quartz package: 'quartz.properties'
 INFO [2019-08-21 16:11:46,112] ({main} StdSchedulerFactory.java[instantiate]:1343) - Quartz scheduler version: 2.2.1
 INFO [2019-08-21 16:11:46,112] ({main} QuartzScheduler.java[start]:575) - Scheduler DefaultQuartzScheduler_$_NON_CLUSTERED started.
 INFO [2019-08-21 16:11:46,535] ({main} FolderView.java[createFolder]:107) - Create folder Zeppelin Tutorial
 INFO [2019-08-21 16:11:46,535] ({main} FolderView.java[createFolder]:107) - Create folder /
 INFO [2019-08-21 16:11:46,535] ({main} Folder.java[setParent]:169) - Set parent of / to /
 INFO [2019-08-21 16:11:46,536] ({main} Folder.java[setParent]:169) - Set parent of Zeppelin Tutorial to /
 INFO [2019-08-21 16:11:46,536] ({main} Folder.java[addNote]:185) - Add note 2A94M5J1Z to folder Zeppelin Tutorial
 WARN [2019-08-21 16:11:46,537] ({main} Notebook.java[refreshCron]:981) - execution of the cron job is skipped cron is not enabled from Zeppelin server
 INFO [2019-08-21 16:11:46,553] ({main} Folder.java[addNote]:185) - Add note 2BWJFTXKJ to folder Zeppelin Tutorial
 WARN [2019-08-21 16:11:46,555] ({main} Notebook.java[refreshCron]:981) - execution of the cron job is skipped cron is not enabled from Zeppelin server
 INFO [2019-08-21 16:11:46,568] ({main} Folder.java[addNote]:185) - Add note 2BYEZ5EVK to folder Zeppelin Tutorial
 WARN [2019-08-21 16:11:46,577] ({main} Notebook.java[refreshCron]:981) - execution of the cron job is skipped cron is not enabled from Zeppelin server
 INFO [2019-08-21 16:11:46,593] ({main} Folder.java[addNote]:185) - Add note 2C2AUG798 to folder Zeppelin Tutorial
 WARN [2019-08-21 16:11:46,596] ({main} Notebook.java[refreshCron]:981) - execution of the cron job is skipped cron is not enabled from Zeppelin server
 INFO [2019-08-21 16:11:46,618] ({main} Folder.java[addNote]:185) - Add note 2C35YU814 to folder Zeppelin Tutorial
 WARN [2019-08-21 16:11:46,618] ({main} Notebook.java[refreshCron]:981) - execution of the cron job is skipped cron is not enabled from Zeppelin server
 INFO [2019-08-21 16:11:46,624] ({main} Folder.java[addNote]:185) - Add note 2C57UKYWR to folder Zeppelin Tutorial
 WARN [2019-08-21 16:11:46,625] ({main} Notebook.java[refreshCron]:981) - execution of the cron job is skipped cron is not enabled from Zeppelin server
 INFO [2019-08-21 16:11:46,633] ({main} FolderView.java[createFolder]:107) - Create folder PolarisCon_2019
 INFO [2019-08-21 16:11:46,633] ({main} Folder.java[setParent]:169) - Set parent of PolarisCon_2019 to /
 INFO [2019-08-21 16:11:46,633] ({main} Folder.java[addNote]:185) - Add note 2EJRH6C46 to folder PolarisCon_2019
 WARN [2019-08-21 16:11:46,634] ({main} Notebook.java[refreshCron]:981) - execution of the cron job is skipped cron is not enabled from Zeppelin server
 INFO [2019-08-21 16:11:46,634] ({main} Notebook.java[<init>]:127) - Notebook indexing started...
 INFO [2019-08-21 16:11:46,929] ({main} LuceneSearch.java[addIndexDocs]:305) - Indexing 7 notebooks took 295ms
 INFO [2019-08-21 16:11:46,929] ({main} Notebook.java[<init>]:129) - Notebook indexing finished: 7 indexed in 0s
 INFO [2019-08-21 16:11:46,930] ({main} Helium.java[loadConf]:103) - Add helium local registry /zeppelin/helium
 INFO [2019-08-21 16:11:46,931] ({main} Helium.java[loadConf]:100) - Add helium online registry https://s3.amazonaws.com/helium-package/helium.json
 WARN [2019-08-21 16:11:46,938] ({main} Helium.java[loadConf]:111) - /zeppelin/conf/helium.json does not exists
 INFO [2019-08-21 16:11:49,393] ({main} ContextHandler.java[doStart]:855) - Started o.e.j.w.WebAppContext@5af97850{zeppelin-web,/,file:///zeppelin/webapps/webapp/,AVAILABLE}{/zeppelin/zeppelin-web-0.8.1.war}
 INFO [2019-08-21 16:11:49,421] ({main} AbstractConnector.java[doStart]:292) - Started ServerConnector@60c8a093{HTTP/1.1,[http/1.1]}{0.0.0.0:8080}
 INFO [2019-08-21 16:11:49,421] ({main} Server.java[doStart]:407) - Started @11047ms
 INFO [2019-08-21 16:11:49,421] ({main} ZeppelinServer.java[main]:249) - Done, zeppelin server started
 WARN [2019-08-21 16:14:26,856] ({qtp2107447833-12} SecurityRestApi.java[ticket]:88) - {"status":"OK","message":"","body":{"principal":"anonymous","ticket":"anonymous","roles":"[]"}}
 INFO [2019-08-21 16:14:27,189] ({qtp2107447833-9} NotebookServer.java[onOpen]:151) - New connection from 172.19.0.1 : 47176
 INFO [2019-08-21 16:14:33,065] ({qtp2107447833-11} NotebookServer.java[sendNote]:828) - New operation from 172.19.0.1 : 47176 : anonymous : GET_NOTE : 2EJRH6C46
 WARN [2019-08-21 16:14:33,207] ({qtp2107447833-11} GitNotebookRepo.java[revisionHistory]:158) - No Head found for 2EJRH6C46, No HEAD exists and no explicit starting revision was specified
 WARN [2019-08-21 16:14:33,217] ({qtp2107447833-11} InterpreterSettingManager.java[compare]:886) - InterpreterGroup sap is not specified in zeppelin.interpreter.group.order
 WARN [2019-08-21 16:14:33,218] ({qtp2107447833-11} InterpreterSettingManager.java[compare]:886) - InterpreterGroup sap is not specified in zeppelin.interpreter.group.order
 WARN [2019-08-21 16:14:33,221] ({qtp2107447833-11} InterpreterSettingManager.java[compare]:892) - InterpreterGroup sap is not specified in zeppelin.interpreter.group.order
 WARN [2019-08-21 16:14:33,222] ({qtp2107447833-11} InterpreterSettingManager.java[compare]:892) - InterpreterGroup sap is not specified in zeppelin.interpreter.group.order
 WARN [2019-08-21 16:14:33,222] ({qtp2107447833-11} InterpreterSettingManager.java[compare]:892) - InterpreterGroup sap is not specified in zeppelin.interpreter.group.order
 WARN [2019-08-21 16:14:33,222] ({qtp2107447833-11} InterpreterSettingManager.java[compare]:892) - InterpreterGroup sap is not specified in zeppelin.interpreter.group.order
 INFO [2019-08-21 16:14:33,283] ({qtp2107447833-16} InterpreterSetting.java[getOrCreateInterpreterGroup]:419) - Create InterpreterGroup with groupId: md:shared_process for user: anonymous and note: 2EJRH6C46
 INFO [2019-08-21 16:14:33,293] ({qtp2107447833-14} InterpreterSetting.java[getOrCreateInterpreterGroup]:419) - Create InterpreterGroup with groupId: spark:shared_process for user: anonymous and note: 2EJRH6C46
 INFO [2019-08-21 16:14:33,299] ({qtp2107447833-14} InterpreterSetting.java[createInterpreters]:689) - Interpreter org.apache.zeppelin.spark.SparkInterpreter created for user: anonymous, sessionId: shared_session
 INFO [2019-08-21 16:14:33,300] ({qtp2107447833-14} InterpreterSetting.java[createInterpreters]:689) - Interpreter org.apache.zeppelin.spark.SparkSqlInterpreter created for user: anonymous, sessionId: shared_session
 INFO [2019-08-21 16:14:33,300] ({qtp2107447833-14} InterpreterSetting.java[createInterpreters]:689) - Interpreter org.apache.zeppelin.spark.DepInterpreter created for user: anonymous, sessionId: shared_session
 INFO [2019-08-21 16:14:33,300] ({qtp2107447833-14} InterpreterSetting.java[createInterpreters]:689) - Interpreter org.apache.zeppelin.spark.PySparkInterpreter created for user: anonymous, sessionId: shared_session
 INFO [2019-08-21 16:14:33,300] ({qtp2107447833-12} InterpreterSetting.java[createInterpreters]:689) - Interpreter org.apache.zeppelin.markdown.Markdown created for user: anonymous, sessionId: shared_session
 INFO [2019-08-21 16:14:33,306] ({qtp2107447833-12} ManagedInterpreterGroup.java[getOrCreateSession]:158) - Create Session: shared_session in InterpreterGroup: md:shared_process for user: anonymous
 INFO [2019-08-21 16:14:33,310] ({qtp2107447833-14} InterpreterSetting.java[createInterpreters]:689) - Interpreter org.apache.zeppelin.spark.IPySparkInterpreter created for user: anonymous, sessionId: shared_session
 INFO [2019-08-21 16:14:33,310] ({qtp2107447833-14} InterpreterSetting.java[createInterpreters]:689) - Interpreter org.apache.zeppelin.spark.SparkRInterpreter created for user: anonymous, sessionId: shared_session
 INFO [2019-08-21 16:14:33,311] ({qtp2107447833-14} ManagedInterpreterGroup.java[getOrCreateSession]:158) - Create Session: shared_session in InterpreterGroup: spark:shared_process for user: anonymous
 INFO [2019-08-21 16:14:33,314] ({qtp2107447833-11} InterpreterSetting.java[getOrCreateInterpreterGroup]:419) - Create InterpreterGroup with groupId: jdbc:shared_process for user: anonymous and note: 2EJRH6C46
 INFO [2019-08-21 16:14:33,314] ({qtp2107447833-11} InterpreterSetting.java[createInterpreters]:689) - Interpreter org.apache.zeppelin.jdbc.JDBCInterpreter created for user: anonymous, sessionId: shared_session
 INFO [2019-08-21 16:14:33,314] ({qtp2107447833-11} ManagedInterpreterGroup.java[getOrCreateSession]:158) - Create Session: shared_session in InterpreterGroup: jdbc:shared_process for user: anonymous
 INFO [2019-08-21 16:14:34,551] ({qtp2107447833-57} VFSNotebookRepo.java[save]:196) - Saving note:2EJRH6C46
 INFO [2019-08-21 16:15:08,489] ({qtp2107447833-13} VFSNotebookRepo.java[save]:196) - Saving note:2EJRH6C46
 INFO [2019-08-21 16:15:08,566] ({pool-2-thread-2} SchedulerFactory.java[jobStarted]:114) - Job 20190311-205554_852134813 started by scheduler org.apache.zeppelin.interpreter.remote.RemoteInterpreter-md:shared_process-shared_session
 INFO [2019-08-21 16:15:08,572] ({pool-2-thread-2} Paragraph.java[jobRun]:380) - Run paragraph [paragraph_id: 20190311-205554_852134813, interpreter: md, note_id: 2EJRH6C46, user: anonymous]
 INFO [2019-08-21 16:15:08,573] ({pool-2-thread-2} ManagedInterpreterGroup.java[getOrCreateInterpreterProcess]:61) - Create InterpreterProcess for InterpreterGroup: md:shared_process
 INFO [2019-08-21 16:15:08,574] ({pool-2-thread-2} ShellScriptLauncher.java[launch]:48) - Launching Interpreter: md
 INFO [2019-08-21 16:15:08,641] ({pool-2-thread-2} RemoteInterpreterManagedProcess.java[start]:115) - Thrift server for callback will start. Port: 40699
 INFO [2019-08-21 16:15:08,667] ({qtp2107447833-13} VFSNotebookRepo.java[save]:196) - Saving note:2EJRH6C46
 INFO [2019-08-21 16:15:09,171] ({pool-2-thread-2} RemoteInterpreterManagedProcess.java[start]:190) - Run interpreter process [/zeppelin/bin/interpreter.sh, -d, /zeppelin/interpreter/md, -c, 172.19.0.5, -p, 40699, -r, :, -l, /zeppelin/local-repo/md, -g, md]
 INFO [2019-08-21 16:15:09,720] ({pool-7-thread-1} RemoteInterpreterManagedProcess.java[callback]:123) - RemoteInterpreterServer Registered: CallbackInfo(host:172.19.0.5, port:37789)
 INFO [2019-08-21 16:15:09,811] ({pool-2-thread-2} RemoteInterpreter.java[call]:168) - Create RemoteInterpreter org.apache.zeppelin.markdown.Markdown
 INFO [2019-08-21 16:15:10,115] ({pool-2-thread-2} RemoteInterpreter.java[call]:142) - Open RemoteInterpreter org.apache.zeppelin.markdown.Markdown
 INFO [2019-08-21 16:15:10,115] ({pool-2-thread-2} RemoteInterpreter.java[pushAngularObjectRegistryToRemote]:436) - Push local angular object registry from ZeppelinServer to remote interpreter group md:shared_process
 INFO [2019-08-21 16:15:10,815] ({pool-2-thread-2} NotebookServer.java[afterStatusChange]:2314) - Job 20190311-205554_852134813 is finished successfully, status: FINISHED
 INFO [2019-08-21 16:15:10,846] ({pool-2-thread-2} VFSNotebookRepo.java[save]:196) - Saving note:2EJRH6C46
 INFO [2019-08-21 16:15:10,876] ({pool-2-thread-2} SchedulerFactory.java[jobFinished]:120) - Job 20190311-205554_852134813 finished by scheduler org.apache.zeppelin.interpreter.remote.RemoteInterpreter-md:shared_process-shared_session
 INFO [2019-08-21 16:15:12,947] ({qtp2107447833-57} VFSNotebookRepo.java[save]:196) - Saving note:2EJRH6C46
 INFO [2019-08-21 16:15:12,982] ({pool-2-thread-4} SchedulerFactory.java[jobStarted]:114) - Job 20190304-194751_1529639394 started by scheduler org.apache.zeppelin.interpreter.remote.RemoteInterpreter-spark:shared_process-shared_session
 INFO [2019-08-21 16:15:12,982] ({pool-2-thread-4} Paragraph.java[jobRun]:380) - Run paragraph [paragraph_id: 20190304-194751_1529639394, interpreter: , note_id: 2EJRH6C46, user: anonymous]
 INFO [2019-08-21 16:15:12,985] ({pool-2-thread-4} ManagedInterpreterGroup.java[getOrCreateInterpreterProcess]:61) - Create InterpreterProcess for InterpreterGroup: spark:shared_process
 INFO [2019-08-21 16:15:12,986] ({pool-2-thread-4} ShellScriptLauncher.java[launch]:48) - Launching Interpreter: spark
 WARN [2019-08-21 16:15:12,992] ({pool-2-thread-4} SparkInterpreterLauncher.java[setupPropertiesForSparkR]:172) - sparkr.zip is not found, SparkR may not work.
 INFO [2019-08-21 16:15:12,992] ({pool-2-thread-4} SparkInterpreterLauncher.java[buildEnvFromProperties]:108) - Run Spark under non-secure mode as no keytab and principal is specified
 INFO [2019-08-21 16:15:12,993] ({pool-2-thread-4} RemoteInterpreterManagedProcess.java[start]:115) - Thrift server for callback will start. Port: 43493
 INFO [2019-08-21 16:15:13,493] ({pool-2-thread-4} RemoteInterpreterManagedProcess.java[start]:190) - Run interpreter process [/zeppelin/bin/interpreter.sh, -d, /zeppelin/interpreter/spark, -c, 172.19.0.5, -p, 43493, -r, :, -l, /zeppelin/local-repo/spark, -g, spark]
 INFO [2019-08-21 16:15:14,963] ({pool-9-thread-1} RemoteInterpreterManagedProcess.java[callback]:123) - RemoteInterpreterServer Registered: CallbackInfo(host:172.19.0.5, port:42041)
 INFO [2019-08-21 16:15:14,970] ({pool-2-thread-4} RemoteInterpreter.java[call]:168) - Create RemoteInterpreter org.apache.zeppelin.spark.SparkInterpreter
 INFO [2019-08-21 16:15:15,124] ({pool-2-thread-4} RemoteInterpreter.java[call]:168) - Create RemoteInterpreter org.apache.zeppelin.spark.SparkSqlInterpreter
 INFO [2019-08-21 16:15:15,126] ({pool-2-thread-4} RemoteInterpreter.java[call]:168) - Create RemoteInterpreter org.apache.zeppelin.spark.DepInterpreter
 INFO [2019-08-21 16:15:15,155] ({pool-2-thread-4} RemoteInterpreter.java[call]:168) - Create RemoteInterpreter org.apache.zeppelin.spark.PySparkInterpreter
 INFO [2019-08-21 16:15:15,171] ({pool-2-thread-4} RemoteInterpreter.java[call]:168) - Create RemoteInterpreter org.apache.zeppelin.spark.IPySparkInterpreter
 INFO [2019-08-21 16:15:15,182] ({pool-2-thread-4} RemoteInterpreter.java[call]:168) - Create RemoteInterpreter org.apache.zeppelin.spark.SparkRInterpreter
 INFO [2019-08-21 16:15:15,184] ({pool-2-thread-4} RemoteInterpreter.java[call]:142) - Open RemoteInterpreter org.apache.zeppelin.spark.SparkInterpreter
 INFO [2019-08-21 16:15:15,185] ({pool-2-thread-4} RemoteInterpreter.java[pushAngularObjectRegistryToRemote]:436) - Push local angular object registry from ZeppelinServer to remote interpreter group spark:shared_process
 INFO [2019-08-21 16:15:34,959] ({pool-2-thread-4} NotebookServer.java[afterStatusChange]:2314) - Job 20190304-194751_1529639394 is finished successfully, status: FINISHED
 INFO [2019-08-21 16:15:35,095] ({pool-2-thread-4} VFSNotebookRepo.java[save]:196) - Saving note:2EJRH6C46
 INFO [2019-08-21 16:15:35,130] ({pool-2-thread-4} SchedulerFactory.java[jobFinished]:120) - Job 20190304-194751_1529639394 finished by scheduler org.apache.zeppelin.interpreter.remote.RemoteInterpreter-spark:shared_process-shared_session
 INFO [2019-08-21 16:15:42,192] ({qtp2107447833-57} VFSNotebookRepo.java[save]:196) - Saving note:2EJRH6C46
 INFO [2019-08-21 16:17:00,542] ({qtp2107447833-16} VFSNotebookRepo.java[save]:196) - Saving note:2EJRH6C46
 INFO [2019-08-21 16:17:00,678] ({qtp2107447833-57} VFSNotebookRepo.java[save]:196) - Saving note:2EJRH6C46
 INFO [2019-08-21 16:17:00,759] ({qtp2107447833-57} VFSNotebookRepo.java[save]:196) - Saving note:2EJRH6C46
 INFO [2019-08-21 16:17:00,873] ({qtp2107447833-16} VFSNotebookRepo.java[save]:196) - Saving note:2EJRH6C46
 INFO [2019-08-21 16:17:00,961] ({qtp2107447833-16} VFSNotebookRepo.java[save]:196) - Saving note:2EJRH6C46
 INFO [2019-08-21 16:17:01,029] ({qtp2107447833-16} VFSNotebookRepo.java[save]:196) - Saving note:2EJRH6C46
 INFO [2019-08-21 16:17:01,221] ({qtp2107447833-57} VFSNotebookRepo.java[save]:196) - Saving note:2EJRH6C46
 INFO [2019-08-21 16:17:01,291] ({qtp2107447833-57} VFSNotebookRepo.java[save]:196) - Saving note:2EJRH6C46
 INFO [2019-08-21 16:17:03,887] ({qtp2107447833-16} VFSNotebookRepo.java[save]:196) - Saving note:2EJRH6C46
 INFO [2019-08-21 16:17:04,006] ({qtp2107447833-57} VFSNotebookRepo.java[save]:196) - Saving note:2EJRH6C46
 INFO [2019-08-21 16:17:04,111] ({qtp2107447833-57} VFSNotebookRepo.java[save]:196) - Saving note:2EJRH6C46
 INFO [2019-08-21 16:17:04,430] ({qtp2107447833-16} VFSNotebookRepo.java[save]:196) - Saving note:2EJRH6C46
 INFO [2019-08-21 16:17:04,781] ({qtp2107447833-16} VFSNotebookRepo.java[save]:196) - Saving note:2EJRH6C46
 INFO [2019-08-21 16:17:05,088] ({qtp2107447833-16} VFSNotebookRepo.java[save]:196) - Saving note:2EJRH6C46
 INFO [2019-08-21 16:17:05,305] ({qtp2107447833-16} VFSNotebookRepo.java[save]:196) - Saving note:2EJRH6C46
 INFO [2019-08-21 16:17:05,358] ({qtp2107447833-16} VFSNotebookRepo.java[save]:196) - Saving note:2EJRH6C46
 INFO [2019-08-21 16:17:05,405] ({qtp2107447833-16} VFSNotebookRepo.java[save]:196) - Saving note:2EJRH6C46
 INFO [2019-08-21 16:17:05,443] ({qtp2107447833-16} VFSNotebookRepo.java[save]:196) - Saving note:2EJRH6C46
 INFO [2019-08-21 16:17:05,493] ({qtp2107447833-16} VFSNotebookRepo.java[save]:196) - Saving note:2EJRH6C46
 INFO [2019-08-21 16:17:05,539] ({qtp2107447833-16} VFSNotebookRepo.java[save]:196) - Saving note:2EJRH6C46
 INFO [2019-08-21 16:17:05,667] ({qtp2107447833-57} VFSNotebookRepo.java[save]:196) - Saving note:2EJRH6C46
 INFO [2019-08-21 16:17:05,711] ({qtp2107447833-57} VFSNotebookRepo.java[save]:196) - Saving note:2EJRH6C46
 WARN [2019-08-21 16:24:35,995] ({qtp2107447833-16} InterpreterSettingManager.java[compare]:886) - InterpreterGroup sap is not specified in zeppelin.interpreter.group.order
 WARN [2019-08-21 16:24:35,997] ({qtp2107447833-16} InterpreterSettingManager.java[compare]:886) - InterpreterGroup sap is not specified in zeppelin.interpreter.group.order
 WARN [2019-08-21 16:24:35,997] ({qtp2107447833-16} InterpreterSettingManager.java[compare]:892) - InterpreterGroup sap is not specified in zeppelin.interpreter.group.order
 WARN [2019-08-21 16:24:35,998] ({qtp2107447833-16} InterpreterSettingManager.java[compare]:892) - InterpreterGroup sap is not specified in zeppelin.interpreter.group.order
 WARN [2019-08-21 16:24:35,999] ({qtp2107447833-16} InterpreterSettingManager.java[compare]:892) - InterpreterGroup sap is not specified in zeppelin.interpreter.group.order
 WARN [2019-08-21 16:24:36,001] ({qtp2107447833-16} InterpreterSettingManager.java[compare]:892) - InterpreterGroup sap is not specified in zeppelin.interpreter.group.order
 INFO [2019-08-21 16:33:04,577] ({Scheduler-1643691748} NotebookServer.java[onClose]:372) - Closed connection to 172.19.0.1 : 47176. (1001) Idle Timeout
 INFO [2019-08-21 16:52:39,089] ({qtp2107447833-14} NotebookServer.java[onOpen]:151) - New connection from 172.19.0.1 : 47230
 INFO [2019-08-21 17:15:30,312] ({Scheduler-1643691748} NotebookServer.java[onClose]:372) - Closed connection to 172.19.0.1 : 47230. (1001) Idle Timeout
 INFO [2019-08-21 17:15:32,051] ({qtp2107447833-16} NotebookServer.java[onOpen]:151) - New connection from 172.19.0.1 : 47238
 INFO [2019-08-21 17:48:14,811] ({Scheduler-1643691748} NotebookServer.java[onClose]:372) - Closed connection to 172.19.0.1 : 47238. (1001) Idle Timeout
 WARN [2019-08-21 17:48:15,061] ({Scheduler-1643691748} NotebookServer.java[removeUserConnection]:383) - Closing connection that is absent in user connections
 INFO [2019-08-21 17:48:16,257] ({qtp2107447833-57} NotebookServer.java[onOpen]:151) - New connection from 172.19.0.1 : 47246
 INFO [2019-08-21 18:26:46,661] ({qtp2107447833-76} NotebookServer.java[onOpen]:151) - New connection from 172.19.0.1 : 47260
 WARN [2019-08-21 20:05:09,942] ({main} ZeppelinConfiguration.java[create]:117) - Failed to load configuration, proceeding with a default
 INFO [2019-08-21 20:05:09,993] ({main} ZeppelinConfiguration.java[create]:129) - Server Host: 0.0.0.0
 INFO [2019-08-21 20:05:09,994] ({main} ZeppelinConfiguration.java[create]:131) - Server Port: 8080
 INFO [2019-08-21 20:05:09,994] ({main} ZeppelinConfiguration.java[create]:135) - Context Path: /
 INFO [2019-08-21 20:05:10,002] ({main} ZeppelinConfiguration.java[create]:136) - Zeppelin Version: 0.8.1
 INFO [2019-08-21 20:05:10,059] ({main} Log.java[initialized]:193) - Logging initialized @1978ms to org.eclipse.jetty.util.log.Slf4jLog
 WARN [2019-08-21 20:05:10,245] ({main} ServerConnector.java[setSoLingerTime]:458) - Ignoring deprecated socket close linger time
 INFO [2019-08-21 20:05:10,312] ({main} ZeppelinServer.java[setupWebAppContext]:413) - ZeppelinServer Webapp path: /zeppelin/webapps
 INFO [2019-08-21 20:05:10,426] ({main} ZeppelinServer.java[main]:239) - Starting zeppelin server
 INFO [2019-08-21 20:05:10,428] ({main} Server.java[doStart]:370) - jetty-9.4.14.v20181114; built: 2018-11-14T21:20:31.478Z; git: c4550056e785fb5665914545889f21dc136ad9e6; jvm 1.8.0_191-8u191-b12-0ubuntu0.16.04.1-b12
 INFO [2019-08-21 20:05:13,123] ({main} StandardDescriptorProcessor.java[visitServlet]:283) - NO JSP Support for /, did not find org.eclipse.jetty.jsp.JettyJspServlet
 INFO [2019-08-21 20:05:13,155] ({main} DefaultSessionIdManager.java[doStart]:365) - DefaultSessionIdManager workerName=node0
 INFO [2019-08-21 20:05:13,155] ({main} DefaultSessionIdManager.java[doStart]:370) - No SessionScavenger set, using defaults
 INFO [2019-08-21 20:05:13,161] ({main} HouseKeeper.java[startScavenging]:149) - node0 Scavenging every 660000ms
 INFO [2019-08-21 20:05:13,693] ({main} SchedulerFactory.java[<init>]:59) - Scheduler Thread Pool Size: 100
 WARN [2019-08-21 20:05:13,715] ({main} ZeppelinConfiguration.java[getConfigFSDir]:527) - zeppelin.config.fs.dir is not specified, fall back to local conf directory zeppelin.conf.dir
 WARN [2019-08-21 20:05:13,717] ({main} ZeppelinConfiguration.java[getConfigFSDir]:527) - zeppelin.config.fs.dir is not specified, fall back to local conf directory zeppelin.conf.dir
 INFO [2019-08-21 20:05:13,830] ({main} InterpreterSettingManager.java[<init>]:165) - Using RecoveryStorage: org.apache.zeppelin.interpreter.recovery.NullRecoveryStorage
 INFO [2019-08-21 20:05:13,831] ({main} InterpreterSettingManager.java[<init>]:169) - Using LifecycleManager: org.apache.zeppelin.interpreter.lifecycle.NullLifecycleManager
 INFO [2019-08-21 20:05:13,867] ({main} InterpreterSettingManager.java[registerInterpreterSetting]:425) - Register InterpreterSettingTemplate: python
 INFO [2019-08-21 20:05:13,871] ({main} InterpreterSettingManager.java[registerInterpreterSetting]:425) - Register InterpreterSettingTemplate: angular
 WARN [2019-08-21 20:05:13,879] ({main} InterpreterSettingManager.java[init]:331) - No interpreter-setting.json found in /zeppelin/interpreter/${interpreter.name}
 INFO [2019-08-21 20:05:13,886] ({main} InterpreterSettingManager.java[registerInterpreterSetting]:425) - Register InterpreterSettingTemplate: spark
 INFO [2019-08-21 20:05:13,889] ({main} InterpreterSettingManager.java[registerInterpreterSetting]:425) - Register InterpreterSettingTemplate: kylin
 INFO [2019-08-21 20:05:13,892] ({main} InterpreterSettingManager.java[registerInterpreterSetting]:425) - Register InterpreterSettingTemplate: groovy
 INFO [2019-08-21 20:05:13,896] ({main} InterpreterSettingManager.java[registerInterpreterSetting]:425) - Register InterpreterSettingTemplate: jdbc
 INFO [2019-08-21 20:05:13,899] ({main} InterpreterSettingManager.java[registerInterpreterSetting]:425) - Register InterpreterSettingTemplate: md
 WARN [2019-08-21 20:05:13,901] ({main} InterpreterSettingManager.java[init]:331) - No interpreter-setting.json found in /zeppelin/interpreter/lib
 INFO [2019-08-21 20:05:13,904] ({main} InterpreterSettingManager.java[registerInterpreterSetting]:425) - Register InterpreterSettingTemplate: pig
 INFO [2019-08-21 20:05:13,907] ({main} InterpreterSettingManager.java[registerInterpreterSetting]:425) - Register InterpreterSettingTemplate: file
 INFO [2019-08-21 20:05:13,911] ({main} InterpreterSettingManager.java[registerInterpreterSetting]:425) - Register InterpreterSettingTemplate: livy
 INFO [2019-08-21 20:05:13,914] ({main} InterpreterSettingManager.java[registerInterpreterSetting]:425) - Register InterpreterSettingTemplate: sap
 WARN [2019-08-21 20:05:14,169] ({main} InterpreterSettingManager.java[init]:331) - No interpreter-setting.json found in /zeppelin/interpreter/scio
 INFO [2019-08-21 20:05:14,171] ({main} InterpreterSettingManager.java[registerInterpreterSetting]:425) - Register InterpreterSettingTemplate: flink
 INFO [2019-08-21 20:05:14,173] ({main} InterpreterSettingManager.java[registerInterpreterSetting]:425) - Register InterpreterSettingTemplate: bigquery
 INFO [2019-08-21 20:05:14,176] ({main} InterpreterSettingManager.java[registerInterpreterSetting]:425) - Register InterpreterSettingTemplate: sh
 INFO [2019-08-21 20:05:14,178] ({main} InterpreterSettingManager.java[registerInterpreterSetting]:425) - Register InterpreterSettingTemplate: lens
 INFO [2019-08-21 20:05:14,180] ({main} InterpreterSettingManager.java[registerInterpreterSetting]:425) - Register InterpreterSettingTemplate: ignite
 INFO [2019-08-21 20:05:14,182] ({main} InterpreterSettingManager.java[registerInterpreterSetting]:425) - Register InterpreterSettingTemplate: cassandra
 INFO [2019-08-21 20:05:14,203] ({main} InterpreterSettingManager.java[registerInterpreterSetting]:425) - Register InterpreterSettingTemplate: neo4j
 INFO [2019-08-21 20:05:14,205] ({main} InterpreterSettingManager.java[registerInterpreterSetting]:425) - Register InterpreterSettingTemplate: elasticsearch
 INFO [2019-08-21 20:05:14,208] ({main} InterpreterSettingManager.java[registerInterpreterSetting]:425) - Register InterpreterSettingTemplate: alluxio
 INFO [2019-08-21 20:05:14,210] ({main} InterpreterSettingManager.java[registerInterpreterSetting]:425) - Register InterpreterSettingTemplate: hbase
 INFO [2019-08-21 20:05:14,211] ({main} LocalConfigStorage.java[loadInterpreterSettings]:63) - Load Interpreter Setting from file: /zeppelin/conf/interpreter.json
 INFO [2019-08-21 20:05:14,268] ({main} InterpreterSettingManager.java[loadFromFile]:279) - Create Interpreter Setting ignite from interpreter.json
 INFO [2019-08-21 20:05:14,269] ({main} InterpreterSettingManager.java[loadFromFile]:279) - Create Interpreter Setting python from interpreter.json
 INFO [2019-08-21 20:05:14,270] ({main} InterpreterSettingManager.java[loadFromFile]:279) - Create Interpreter Setting sap from interpreter.json
 INFO [2019-08-21 20:05:14,271] ({main} InterpreterSettingManager.java[loadFromFile]:279) - Create Interpreter Setting jdbc from interpreter.json
 INFO [2019-08-21 20:05:14,272] ({main} InterpreterSettingManager.java[loadFromFile]:279) - Create Interpreter Setting lens from interpreter.json
 INFO [2019-08-21 20:05:14,273] ({main} InterpreterSettingManager.java[loadFromFile]:279) - Create Interpreter Setting pig from interpreter.json
 INFO [2019-08-21 20:05:14,273] ({main} InterpreterSettingManager.java[loadFromFile]:279) - Create Interpreter Setting flink from interpreter.json
 INFO [2019-08-21 20:05:14,273] ({main} InterpreterSettingManager.java[loadFromFile]:279) - Create Interpreter Setting angular from interpreter.json
 INFO [2019-08-21 20:05:14,274] ({main} InterpreterSettingManager.java[loadFromFile]:279) - Create Interpreter Setting livy from interpreter.json
 INFO [2019-08-21 20:05:14,275] ({main} InterpreterSettingManager.java[loadFromFile]:279) - Create Interpreter Setting groovy from interpreter.json
 INFO [2019-08-21 20:05:14,275] ({main} InterpreterSettingManager.java[loadFromFile]:279) - Create Interpreter Setting file from interpreter.json
 INFO [2019-08-21 20:05:14,276] ({main} InterpreterSettingManager.java[loadFromFile]:279) - Create Interpreter Setting neo4j from interpreter.json
 INFO [2019-08-21 20:05:14,276] ({main} InterpreterSettingManager.java[loadFromFile]:279) - Create Interpreter Setting elasticsearch from interpreter.json
 INFO [2019-08-21 20:05:14,278] ({main} InterpreterSettingManager.java[loadFromFile]:279) - Create Interpreter Setting spark from interpreter.json
 INFO [2019-08-21 20:05:14,278] ({main} InterpreterSettingManager.java[loadFromFile]:279) - Create Interpreter Setting sh from interpreter.json
 INFO [2019-08-21 20:05:14,280] ({main} InterpreterSettingManager.java[loadFromFile]:279) - Create Interpreter Setting cassandra from interpreter.json
 INFO [2019-08-21 20:05:14,280] ({main} InterpreterSettingManager.java[loadFromFile]:279) - Create Interpreter Setting md from interpreter.json
 INFO [2019-08-21 20:05:14,280] ({main} InterpreterSettingManager.java[loadFromFile]:279) - Create Interpreter Setting alluxio from interpreter.json
 INFO [2019-08-21 20:05:14,281] ({main} InterpreterSettingManager.java[loadFromFile]:279) - Create Interpreter Setting bigquery from interpreter.json
 INFO [2019-08-21 20:05:14,281] ({main} InterpreterSettingManager.java[loadFromFile]:279) - Create Interpreter Setting hbase from interpreter.json
 INFO [2019-08-21 20:05:14,281] ({main} InterpreterSettingManager.java[loadFromFile]:279) - Create Interpreter Setting kylin from interpreter.json
 INFO [2019-08-21 20:05:14,314] ({main} LocalConfigStorage.java[save]:53) - Save Interpreter Setting to /zeppelin/conf/interpreter.json
 INFO [2019-08-21 20:05:14,537] ({main} VfsLog.java[info]:138) - Using "/tmp/vfs_cache" as temporary files store.
 INFO [2019-08-21 20:05:14,624] ({main} GitNotebookRepo.java[<init>]:64) - Opening a git repo at '/notebook'
 INFO [2019-08-21 20:05:14,782] ({main} NotebookRepoSync.java[<init>]:77) - Instantiate NotebookRepo: org.apache.zeppelin.notebook.repo.GitNotebookRepo
 WARN [2019-08-21 20:05:14,947] ({main} NotebookAuthorization.java[getInstance]:86) - Notebook authorization module was called without initialization, initializing with default configuration
 WARN [2019-08-21 20:05:14,948] ({main} LocalConfigStorage.java[loadNotebookAuthorization]:77) - NotebookAuthorization file /zeppelin/conf/notebook-authorization.json is not existed
 INFO [2019-08-21 20:05:14,949] ({main} Credentials.java[loadFromFile]:121) - /zeppelin/conf/credentials.json
 INFO [2019-08-21 20:05:15,010] ({main} StdSchedulerFactory.java[instantiate]:1184) - Using default implementation for ThreadExecutor
 INFO [2019-08-21 20:05:15,016] ({main} SimpleThreadPool.java[initialize]:268) - Job execution threads will use class loader of thread: main
 INFO [2019-08-21 20:05:15,030] ({main} SchedulerSignalerImpl.java[<init>]:61) - Initialized Scheduler Signaller of type: class org.quartz.core.SchedulerSignalerImpl
 INFO [2019-08-21 20:05:15,032] ({main} QuartzScheduler.java[<init>]:240) - Quartz Scheduler v.2.2.1 created.
 INFO [2019-08-21 20:05:15,033] ({main} RAMJobStore.java[initialize]:155) - RAMJobStore initialized.
 INFO [2019-08-21 20:05:15,035] ({main} QuartzScheduler.java[initialize]:305) - Scheduler meta-data: Quartz Scheduler (v2.2.1) 'DefaultQuartzScheduler' with instanceId 'NON_CLUSTERED'
  Scheduler class: 'org.quartz.core.QuartzScheduler' - running locally.
  NOT STARTED.
  Currently in standby mode.
  Number of jobs executed: 0
  Using thread pool 'org.quartz.simpl.SimpleThreadPool' - with 10 threads.
  Using job-store 'org.quartz.simpl.RAMJobStore' - which does not support persistence. and is not clustered.

 INFO [2019-08-21 20:05:15,035] ({main} StdSchedulerFactory.java[instantiate]:1339) - Quartz scheduler 'DefaultQuartzScheduler' initialized from default resource file in Quartz package: 'quartz.properties'
 INFO [2019-08-21 20:05:15,035] ({main} StdSchedulerFactory.java[instantiate]:1343) - Quartz scheduler version: 2.2.1
 INFO [2019-08-21 20:05:15,035] ({main} QuartzScheduler.java[start]:575) - Scheduler DefaultQuartzScheduler_$_NON_CLUSTERED started.
 INFO [2019-08-21 20:05:15,347] ({main} FolderView.java[createFolder]:107) - Create folder Zeppelin Tutorial
 INFO [2019-08-21 20:05:15,348] ({main} FolderView.java[createFolder]:107) - Create folder /
 INFO [2019-08-21 20:05:15,348] ({main} Folder.java[setParent]:169) - Set parent of / to /
 INFO [2019-08-21 20:05:15,348] ({main} Folder.java[setParent]:169) - Set parent of Zeppelin Tutorial to /
 INFO [2019-08-21 20:05:15,348] ({main} Folder.java[addNote]:185) - Add note 2A94M5J1Z to folder Zeppelin Tutorial
 WARN [2019-08-21 20:05:15,351] ({main} Notebook.java[refreshCron]:981) - execution of the cron job is skipped cron is not enabled from Zeppelin server
 INFO [2019-08-21 20:05:15,371] ({main} Folder.java[addNote]:185) - Add note 2BWJFTXKJ to folder Zeppelin Tutorial
 WARN [2019-08-21 20:05:15,373] ({main} Notebook.java[refreshCron]:981) - execution of the cron job is skipped cron is not enabled from Zeppelin server
 INFO [2019-08-21 20:05:15,384] ({main} Folder.java[addNote]:185) - Add note 2BYEZ5EVK to folder Zeppelin Tutorial
 WARN [2019-08-21 20:05:15,386] ({main} Notebook.java[refreshCron]:981) - execution of the cron job is skipped cron is not enabled from Zeppelin server
 INFO [2019-08-21 20:05:15,395] ({main} Folder.java[addNote]:185) - Add note 2C2AUG798 to folder Zeppelin Tutorial
 WARN [2019-08-21 20:05:15,396] ({main} Notebook.java[refreshCron]:981) - execution of the cron job is skipped cron is not enabled from Zeppelin server
 INFO [2019-08-21 20:05:15,408] ({main} Folder.java[addNote]:185) - Add note 2C35YU814 to folder Zeppelin Tutorial
 WARN [2019-08-21 20:05:15,409] ({main} Notebook.java[refreshCron]:981) - execution of the cron job is skipped cron is not enabled from Zeppelin server
 INFO [2019-08-21 20:05:15,414] ({main} Folder.java[addNote]:185) - Add note 2C57UKYWR to folder Zeppelin Tutorial
 WARN [2019-08-21 20:05:15,414] ({main} Notebook.java[refreshCron]:981) - execution of the cron job is skipped cron is not enabled from Zeppelin server
 INFO [2019-08-21 20:05:15,423] ({main} FolderView.java[createFolder]:107) - Create folder PolarisCon_2019
 INFO [2019-08-21 20:05:15,424] ({main} Folder.java[setParent]:169) - Set parent of PolarisCon_2019 to /
 INFO [2019-08-21 20:05:15,424] ({main} Folder.java[addNote]:185) - Add note 2EJRH6C46 to folder PolarisCon_2019
 WARN [2019-08-21 20:05:15,424] ({main} Notebook.java[refreshCron]:981) - execution of the cron job is skipped cron is not enabled from Zeppelin server
 INFO [2019-08-21 20:05:15,424] ({main} Notebook.java[<init>]:127) - Notebook indexing started...
 INFO [2019-08-21 20:05:15,634] ({main} LuceneSearch.java[addIndexDocs]:305) - Indexing 7 notebooks took 209ms
 INFO [2019-08-21 20:05:15,634] ({main} Notebook.java[<init>]:129) - Notebook indexing finished: 7 indexed in 0s
 INFO [2019-08-21 20:05:15,635] ({main} Helium.java[loadConf]:103) - Add helium local registry /zeppelin/helium
 INFO [2019-08-21 20:05:15,637] ({main} Helium.java[loadConf]:100) - Add helium online registry https://s3.amazonaws.com/helium-package/helium.json
 WARN [2019-08-21 20:05:15,642] ({main} Helium.java[loadConf]:111) - /zeppelin/conf/helium.json does not exists
 INFO [2019-08-21 20:05:17,418] ({main} ContextHandler.java[doStart]:855) - Started o.e.j.w.WebAppContext@5af97850{zeppelin-web,/,file:///zeppelin/webapps/webapp/,AVAILABLE}{/zeppelin/zeppelin-web-0.8.1.war}
 INFO [2019-08-21 20:05:17,443] ({main} AbstractConnector.java[doStart]:292) - Started ServerConnector@44cffc25{HTTP/1.1,[http/1.1]}{0.0.0.0:8080}
 INFO [2019-08-21 20:05:17,446] ({main} Server.java[doStart]:407) - Started @9370ms
 INFO [2019-08-21 20:05:17,446] ({main} ZeppelinServer.java[main]:249) - Done, zeppelin server started
 WARN [2019-08-21 20:06:24,290] ({qtp2107447833-12} SecurityRestApi.java[ticket]:88) - {"status":"OK","message":"","body":{"principal":"anonymous","ticket":"anonymous","roles":"[]"}}
 INFO [2019-08-21 20:06:24,600] ({qtp2107447833-15} NotebookServer.java[onOpen]:151) - New connection from 172.20.0.1 : 43528
